This is pdfeTeX, Version 3.141592-1.21a-2.2 (MiKTeX 2.4) (preloaded format=latex 2006.5.11)  23 OCT 2007 15:19
entering extended mode
**eksempel.tex
(eksempel.tex
LaTeX2e <2003/12/01>
Babel <v3.8g> and hyphenation patterns for english, dumylang, nohyphenation, ge
rman, ngerman, french, loaded.
(C:\texmf\tex\latex\base\article.cls
Document Class: article 2004/02/16 v1.4f Standard LaTeX document class
(C:\texmf\tex\latex\base\size11.clo
File: size11.clo 2004/02/16 v1.4f Standard LaTeX file (size option)
)
\c@part=\count79
\c@section=\count80
\c@subsection=\count81
\c@subsubsection=\count82
\c@paragraph=\count83
\c@subparagraph=\count84
\c@figure=\count85
\c@table=\count86
\abovecaptionskip=\skip41
\belowcaptionskip=\skip42
\bibindent=\dimen102
) (C:\texmf\tex\latex\geometry\geometry.sty
Package: geometry 2002/07/08 v3.2 Page Geometry
(C:\texmf\tex\latex\graphics\keyval.sty
Package: keyval 1999/03/16 v1.13 key=value parser (DPC)
\KV@toks@=\toks14
)
\Gm@cnth=\count87
\Gm@cntv=\count88
\c@Gm@tempcnt=\count89
\Gm@bindingoffset=\dimen103
\Gm@wd@mp=\dimen104
\Gm@odd@mp=\dimen105
\Gm@even@mp=\dimen106
\Gm@dimlist=\toks15

(C:\texmf\tex\latex\geometry\geometry.cfg)) (ku-forside.sty
Package: ku-forside 2007/07/07 v1.0 Frontpages with University of Cph. logos

(C:\texmf\tex\latex\eso-pic\eso-pic.sty
Package: eso-pic 2002/11/16 v1.1b eso-pic (RN)
 (C:\texmf\tex\latex\ms\everyshi.sty
Package: everyshi 2001/05/15 v3.00 EveryShipout Package (MS)
))
(C:\texmf\tex\latex\graphics\graphicx.sty
Package: graphicx 1999/02/16 v1.0f Enhanced LaTeX Graphics (DPC,SPQR)

(C:\texmf\tex\latex\graphics\graphics.sty
Package: graphics 2001/07/07 v1.0n Standard LaTeX Graphics (DPC,SPQR)
 (C:\texmf\tex\latex\graphics\trig.sty
Package: trig 1999/03/16 v1.09 sin cos tan (DPC)
) (C:\texmf\tex\latex\00miktex\graphics.cfg
File: graphics.cfg 2005/12/29 v1.2 MiKTeX 'graphics' configuration
)
Package graphics Info: Driver file: pdftex.def on input line 80.

(C:\texmf\tex\latex\graphics\pdftex.def
File: pdftex.def 2005/06/20 v0.03m graphics/color for pdftex
\Gread@gobject=\count90
))
\Gin@req@height=\dimen107
\Gin@req@width=\dimen108
) (C:\texmf\tex\latex\base\fix-cm.sty
Package: fix-cm 2004/02/13 v1.1h fixes to LaTeX

(C:\texmf\tex\latex\base\ts1enc.def
File: ts1enc.def 2001/06/05 v3.0e (jk/car/fm) Standard LaTeX file
)) (C:\texmf\tex\latex\base\fontenc.sty
Package: fontenc 2004/02/22 v1.99f Standard LaTeX package

(C:\texmf\tex\latex\cyrillic\ot2enc.def
File: ot2enc.def 2001/08/11 v3.3a Cyrillic encoding definition file
) (C:\texmf\tex\latex\base\ot4enc.def
File: ot4enc.def 2004/02/22 v1.99f Standard LaTeX file
)
(C:\texmf\tex\latex\base\t1enc.def
File: t1enc.def 2004/02/22 v1.99f Standard LaTeX file
LaTeX Font Info:    Redeclaring font encoding T1 on input line 43.
)) (C:\texmf\tex\latex\base\ifthen.sty
Package: ifthen 2001/05/26 v1.1c Standard LaTeX ifthen package (DPC)
)
(C:\texmf\tex\generic\babel\babel.sty
Package: babel 2005/05/21 v3.8g The Babel package
 (C:\texmf\tex\generic\babel\english.ldf
Language: english 2005/03/30 v3.3o English support from the babel system

(C:\texmf\tex\generic\babel\babel.def
File: babel.def 2005/05/21 v3.8g Babel common definitions
\babel@savecnt=\count91
\U@D=\dimen109
)
\l@british = a dialect from \language\l@english 
\l@UKenglish = a dialect from \language\l@english 
\l@canadian = a dialect from \language\l@american 
\l@australian = a dialect from \language\l@british 
\l@newzealand = a dialect from \language\l@british 
) (C:\texmf\tex\generic\babel\danish.ldf
Language: danish 2005/03/30 v1.3p Danish support from the babel system


Package babel Warning: No hyphenation patterns were loaded for
(babel)                the language `Danish'
(babel)                I will use the patterns loaded for \language=0 instead.

\l@danish = a dialect from \language0
Package babel Info: Making " an active character on input line 82.
))) (eksempel.aux)
LaTeX Font Info:    Checking defaults for OML/cmm/m/it on input line 33.
LaTeX Font Info:    ... okay on input line 33.
LaTeX Font Info:    Checking defaults for T1/cmr/m/n on input line 33.
LaTeX Font Info:    ... okay on input line 33.
LaTeX Font Info:    Checking defaults for OT1/cmr/m/n on input line 33.
LaTeX Font Info:    ... okay on input line 33.
LaTeX Font Info:    Checking defaults for OMS/cmsy/m/n on input line 33.
LaTeX Font Info:    ... okay on input line 33.
LaTeX Font Info:    Checking defaults for OMX/cmex/m/n on input line 33.
LaTeX Font Info:    ... okay on input line 33.
LaTeX Font Info:    Checking defaults for U/cmr/m/n on input line 33.
LaTeX Font Info:    ... okay on input line 33.
LaTeX Font Info:    Checking defaults for TS1/cmr/m/n on input line 33.
LaTeX Font Info:    ... okay on input line 33.
LaTeX Font Info:    Checking defaults for OT2/cmr/m/n on input line 33.
LaTeX Font Info:    Try loading font information for OT2+cmr on input line 33.
 (C:\texmf\tex\latex\base\ot2cmr.fd
File: ot2cmr.fd 1999/05/25 v2.5h Standard LaTeX font definitions
)
LaTeX Font Info:    ... okay on input line 33.
LaTeX Font Info:    Checking defaults for OT4/cmr/m/n on input line 33.
LaTeX Font Info:    Try loading font information for OT4+cmr on input line 33.

(C:\texmf\tex\latex\platex\ot4cmr.fd
File: ot4cmr.fd 2000/10/09 v1.2 Font defs for fonts PL (MW)
)
LaTeX Font Info:    ... okay on input line 33.
-------------------- Geometry parameters
paper: a4paper
landscape: --
twocolumn: --
twoside: --
asymmetric: --
h-parts: 79.6678pt, 438.17227pt, 79.6678pt
v-parts: 71.13188pt, 702.78308pt, 71.13188pt
hmarginratio: --
vmarginratio: --
lines: --
heightrounded: --
bindingoffset: 0.0pt
truedimen: --
includehead: --
includefoot: --
includemp: --
driver: pdftex
-------------------- Page layout dimensions and switches
\paperwidth  597.50787pt
\paperheight 845.04684pt
\textwidth  438.17227pt
\textheight 702.78308pt
\oddsidemargin  7.39781pt
\evensidemargin 7.39781pt
\topmargin  -38.1381pt
\headheight 12.0pt
\headsep    25.0pt
\footskip   30.0pt
\marginparwidth 59.0pt
\marginparsep   10.0pt
\columnsep  10.0pt
\skip\footins  10.0pt plus 4.0pt minus 2.0pt
\hoffset 0.0pt
\voffset 0.0pt
\mag 1000

(1in=72.27pt, 1cm=28.45pt)
-----------------------
 ABD: EveryShipout initializing macros
(C:\texmf\tex\latex\graphics\color.sty
Package: color 1999/02/16 v1.0i Standard LaTeX Color (DPC)
 (C:\texmf\tex\latex\00miktex\color.cfg
File: color.cfg 2005/12/29 v1.1 MiKTeX 'color' configuration
)
Package color Info: Driver file: pdftex.def on input line 125.
) (C:\texmf\tex\context\base\supp-pdf.tex
(C:\texmf\tex\context\base\supp-mis.tex
loading : Context Support Macros / Miscellaneous (2004.10.26)
\protectiondepth=\count92
\scratchcounter=\count93
\scratchtoks=\toks16
\scratchdimen=\dimen110
\scratchskip=\skip43
\scratchmuskip=\muskip10
\scratchbox=\box26
\scratchread=\read1
\scratchwrite=\write3
\zeropoint=\dimen111
\onepoint=\dimen112
\onebasepoint=\dimen113
\minusone=\count94
\thousandpoint=\dimen114
\onerealpoint=\dimen115
\emptytoks=\toks17
\nextbox=\box27
\nextdepth=\dimen116
\everyline=\toks18
\!!counta=\count95
\!!countb=\count96
\recursecounter=\count97
)
loading : Context Support Macros / PDF (2004.03.26)
\nofMPsegments=\count98
\nofMParguments=\count99
\MPscratchCnt=\count100
\MPscratchDim=\dimen117
\MPnumerator=\count101
\everyMPtoPDFconversion=\toks19
)
LaTeX Font Info:    External font `cmex10' loaded for size
(Font)              <10.95> on input line 39.
LaTeX Font Info:    External font `cmex10' loaded for size
(Font)              <8> on input line 39.
LaTeX Font Info:    External font `cmex10' loaded for size
(Font)              <6> on input line 39.
 <nat-farve.pdf, id=1, 597.23125pt x 845.1575pt>
File: nat-farve.pdf Graphic file (type pdf)
 <use nat-farve.pdf>
File: nat-farve.pdf Graphic file (type pdf)

<use nat-farve.pdf>
File: nat-farve.pdf Graphic file (type pdf)
 <use nat-farve.pdf> [1{psfonts.map}

 <nat-farve.pdf>]
(eksempel.aux) ) 
Here is how much of TeX's memory you used:
 2781 strings out of 95515
 34999 string characters out of 1189489
 78239 words of memory out of 1081510
 5758 multiletter control sequences out of 60000
 11675 words of font info for 30 fonts, out of 1000000 for 2000
 14 hyphenation exceptions out of 8191
 32i,11n,31p,316b,226s stack positions out of 5000i,500n,10000p,200000b,32768s
PDF statistics:
 49 PDF objects out of 300000
 0 named destinations out of 300000
 24 words of extra memory for PDF output out of 65536
<C:\texmf\fonts\type1\bluesky\cm\cmsy10.pfb><C:\texmf\fonts\typ
e1\bluesky\cm\cmsy8.pfb><C:\texmf\fonts\type1\bluesky\cm\cmr8.pfb><C:\texmf\fon
ts\type1\bluesky\cm\cmex10.pfb><C:\texmf\fonts\type1\bluesky\cm\cmmi8.pfb><C:\t
exmf\fonts\type1\bluesky\cm\cmr10.pfb><C:\texmf\fonts\type1\bluesky\cm\cmmi10.p
fb>{cm-super-t1.enc}<C:\texmf\fonts\type1\public\cm-super\sfrm0600.pfb><C:\texm
f\fonts\type1\public\cm-super\sfti0700.pfb><C:\texmf\fonts\type1\public\cm-supe
r\sfrm1000.pfb><C:\texmf\fonts\type1\public\cm-super\sfbx1200.pfb>
Output written on eksempel.pdf (1 page, 95567 bytes).
